Arguments: 
  /home/franzp/.nvm/versions/node/v8.4.0/bin/node /usr/share/yarn/bin/yarn.js start

PATH: 
  /home/franzp/.rvm/gems/ruby-2.1.2/bin:/home/franzp/.rvm/gems/ruby-2.1.2@global/bin:/home/franzp/.rvm/rubies/ruby-2.1.2/bin:/home/franzp/.venv/specimen-printer/bin:/home/franzp/bin:/home/franzp/.local/bin:/home/franzp/.nvm/versions/node/v8.4.0/bin:/usr/local/sbin:/usr/local/bin:/usr/sbin:/usr/bin:/sbin:/bin:/usr/games:/usr/local/games:/snap/bin:/home/franzp/.rvm/bin

Yarn version: 
  1.5.1

Node version: 
  8.4.0

Platform: 
  linux x64

npm manifest: 
  {
    "name": "specimen-printer",
    "version": "1.0.0",
    "description": "",
    "main": "index.js",
    "directories": {
      "example": "example",
      "test": "test"
    },
    "scripts": {
      "test": "echo \"Error: no test specified\" && exit 1"
    },
    "author": "",
    "license": "ISC"
  }

yarn manifest: 
  No manifest

Lockfile: 
  No lockfile

Trace: 
  Error: Command "start" not found.
      at new MessageError (/usr/share/yarn/lib/cli.js:186:110)
      at /usr/share/yarn/lib/cli.js:87307:17
      at Generator.next (<anonymous>)
      at step (/usr/share/yarn/lib/cli.js:98:30)
      at /usr/share/yarn/lib/cli.js:116:14
      at Promise (<anonymous>)
      at F (/usr/share/yarn/lib/cli.js:23451:28)
      at /usr/share/yarn/lib/cli.js:95:12
      at runCommand (/usr/share/yarn/lib/cli.js:87312:22)
      at Object.<anonymous> (/usr/share/yarn/lib/cli.js:87412:14)
